build/app/intermediates/manifest_merge_blame_file/release/manifest-merger-blame-release-report.txt
1<?xml version="1.0" encoding="utf-8"?>
2<manifest xmlns:android="http://schemas.android.com/apk/res/android"
3    package="com.tripster.user"
4    android:versionCode="1"
5    android:versionName="1.0.0" >
6
7    <uses-sdk
8        android:minSdkVersion="16"
8-->src\main\AndroidManifest.xml
9        android:targetSdkVersion="30" />
9-->src\main\AndroidManifest.xml
10
11    <uses-permission android:name="android.permission.INTERNET" />
11-->[:firebase_messaging] AndroidManifest.xml:7:5-67
11-->[:firebase_messaging] AndroidManifest.xml:7:22-64
12    <uses-permission android:name="android.permission.WAKE_LOCK" />
12-->[:firebase_messaging] AndroidManifest.xml:8:5-68
12-->[:firebase_messaging] AndroidManifest.xml:8:22-65
13    <uses-permission android:name="android.permission.ACCESS_NETWORK_STATE" />
13-->[:firebase_messaging] AndroidManifest.xml:9:5-79
13-->[:firebase_messaging] AndroidManifest.xml:9:22-76
14    <uses-permission android:name="android.permission.READ_EXTERNAL_STORAGE" />
14-->[:image_picker] AndroidManifest.xml:7:5-80
14-->[:image_picker] AndroidManifest.xml:7:22-77
15    <uses-permission android:name="android.permission.WRITE_EXTERNAL_STORAGE" /> <!-- Required by older versions of Google Play services to create IID tokens -->
15-->[:image_picker] AndroidManifest.xml:8:5-81
15-->[:image_picker] AndroidManifest.xml:8:22-78
16    <uses-permission android:name="com.google.android.c2dm.permission.RECEIVE" />
16-->[com.google.firebase:firebase-messaging:21.1.0] AndroidManifest.xml:25:5-82
16-->[com.google.firebase:firebase-messaging:21.1.0] AndroidManifest.xml:25:22-79
17    <uses-permission android:name="com.google.android.finsky.permission.BIND_GET_INSTALL_REFERRER_SERVICE" />
17-->[com.google.android.gms:play-services-measurement:18.0.3] AndroidManifest.xml:26:5-110
17-->[com.google.android.gms:play-services-measurement:18.0.3] AndroidManifest.xml:26:22-107
18
19    <application
19-->src\main\AndroidManifest.xml:3:4-40:19
20        android:name="androidx.multidex.MultiDexApplication"
21        android:appComponentFactory="androidx.core.app.CoreComponentFactory"
21-->[androidx.core:core:1.2.0] AndroidManifest.xml:24:18-86
22        android:icon="@mipmap/ic_launcher"
22-->src\main\AndroidManifest.xml:5:9-43
23        android:label="Tripster" >
23-->src\main\AndroidManifest.xml:4:9-33
24        <activity
24-->src\main\AndroidManifest.xml:6:9-34:20
25            android:name="com.tripster.user.MainActivity"
25-->src\main\AndroidManifest.xml:7:13-41
26            android:configChanges="orientation|keyboardHidden|keyboard|screenSize|smallestScreenSize|locale|layoutDirection|fontScale|screenLayout|density|uiMode"
26-->src\main\AndroidManifest.xml:10:13-163
27            android:hardwareAccelerated="true"
27-->src\main\AndroidManifest.xml:11:13-47
28            android:launchMode="singleTop"
28-->src\main\AndroidManifest.xml:8:13-43
29            android:theme="@style/LaunchTheme"
29-->src\main\AndroidManifest.xml:9:13-47
30            android:windowSoftInputMode="adjustResize" >
30-->src\main\AndroidManifest.xml:12:13-55
31
32            <!--
33                 Specifies an Android theme to apply to this Activity as soon as
34                 the Android process has started. This theme is visible to the user
35                 while the Flutter UI initializes. After that, this theme continues
36                 to determine the Window background behind the Flutter UI.
37            -->
38            <meta-data
38-->src\main\AndroidManifest.xml:17:13-20:17
39                android:name="io.flutter.embedding.android.NormalTheme"
39-->src\main\AndroidManifest.xml:18:15-70
40                android:resource="@style/NormalTheme" />
40-->src\main\AndroidManifest.xml:19:15-52
41            <!--
42                 Displays an Android View that continues showing the launch screen
43                 Drawable until Flutter paints its first frame, then this splash
44                 screen fades out. A splash screen is useful to avoid any visual
45                 gap between the end of Android's launch screen and the painting of
46                 Flutter's first frame.
47            -->
48            <meta-data
48-->src\main\AndroidManifest.xml:26:13-29:17
49                android:name="io.flutter.embedding.android.SplashScreenDrawable"
49-->src\main\AndroidManifest.xml:27:15-79
50                android:resource="@drawable/launch_background" />
50-->src\main\AndroidManifest.xml:28:15-61
51
52            <intent-filter>
52-->src\main\AndroidManifest.xml:30:13-33:29
53                <action android:name="android.intent.action.MAIN" />
53-->src\main\AndroidManifest.xml:31:17-68
53-->src\main\AndroidManifest.xml:31:25-66
54
55                <category android:name="android.intent.category.LAUNCHER" />
55-->src\main\AndroidManifest.xml:32:17-76
55-->src\main\AndroidManifest.xml:32:27-74
56            </intent-filter>
57        </activity>
58        <!--
59             Don't delete the meta-data below.
60             This is used by the Flutter tool to generate GeneratedPluginRegistrant.java
61        -->
62        <meta-data
62-->src\main\AndroidManifest.xml:37:9-39:33
63            android:name="flutterEmbedding"
63-->src\main\AndroidManifest.xml:38:13-44
64            android:value="2" />
64-->src\main\AndroidManifest.xml:39:13-30
65
66        <service
66-->[:firebase_auth] AndroidManifest.xml:8:9-12:19
67            android:name="com.google.firebase.components.ComponentDiscoveryService"
67-->[:firebase_auth] AndroidManifest.xml:8:18-89
68            android:directBootAware="true"
68-->[com.google.firebase:firebase-common:19.5.0] AndroidManifest.xml:35:13-43
69            android:exported="false" >
69-->[com.google.firebase:firebase-analytics-ktx:18.0.3] AndroidManifest.xml:10:13-37
70            <meta-data
70-->[:firebase_auth] AndroidManifest.xml:9:13-11:85
71                android:name="com.google.firebase.components:io.flutter.plugins.firebase.auth.FlutterFirebaseAuthRegistrar"
71-->[:firebase_auth] AndroidManifest.xml:10:17-124
72                android:value="com.google.firebase.components.ComponentRegistrar" />
72-->[:firebase_auth] AndroidManifest.xml:11:17-82
73            <meta-data
73-->[:firebase_storage] AndroidManifest.xml:9:13-11:85
74                android:name="com.google.firebase.components:io.flutter.plugins.firebase.storage.FlutterFirebaseAppRegistrar"
74-->[:firebase_storage] AndroidManifest.xml:10:17-126
75                android:value="com.google.firebase.components.ComponentRegistrar" />
75-->[:firebase_storage] AndroidManifest.xml:11:17-82
76            <meta-data
76-->[:cloud_firestore] AndroidManifest.xml:9:13-11:85
77                android:name="com.google.firebase.components:io.flutter.plugins.firebase.firestore.FlutterFirebaseFirestoreRegistrar"
77-->[:cloud_firestore] AndroidManifest.xml:10:17-134
78                android:value="com.google.firebase.components.ComponentRegistrar" />
78-->[:cloud_firestore] AndroidManifest.xml:11:17-82
79            <meta-data
79-->[:firebase_messaging] AndroidManifest.xml:34:13-36:85
80                android:name="com.google.firebase.components:io.flutter.plugins.firebase.messaging.FlutterFirebaseAppRegistrar"
80-->[:firebase_messaging] AndroidManifest.xml:35:17-128
81                android:value="com.google.firebase.components.ComponentRegistrar" />
81-->[:firebase_messaging] AndroidManifest.xml:36:17-82
82            <meta-data
82-->[:firebase_core] AndroidManifest.xml:9:13-11:85
83                android:name="com.google.firebase.components:io.flutter.plugins.firebase.core.FlutterFirebaseCoreRegistrar"
83-->[:firebase_core] AndroidManifest.xml:10:17-124
84                android:value="com.google.firebase.components.ComponentRegistrar" />
84-->[:firebase_core] AndroidManifest.xml:11:17-82
85            <meta-data
85-->[com.google.firebase:firebase-analytics-ktx:18.0.3] AndroidManifest.xml:11:13-13:85
86                android:name="com.google.firebase.components:com.google.firebase.analytics.ktx.FirebaseAnalyticsKtxRegistrar"
86-->[com.google.firebase:firebase-analytics-ktx:18.0.3] AndroidManifest.xml:12:17-126
87                android:value="com.google.firebase.components.ComponentRegistrar" />
87-->[com.google.firebase:firebase-analytics-ktx:18.0.3] AndroidManifest.xml:13:17-82
88            <meta-data
88-->[com.google.firebase:firebase-messaging-ktx:21.0.1] AndroidManifest.xml:29:13-31:85
89                android:name="com.google.firebase.components:com.google.firebase.messaging.ktx.FirebaseMessagingKtxRegistrar"
89-->[com.google.firebase:firebase-messaging-ktx:21.0.1] AndroidManifest.xml:30:17-126
90                android:value="com.google.firebase.components.ComponentRegistrar" />
90-->[com.google.firebase:firebase-messaging-ktx:21.0.1] AndroidManifest.xml:31:17-82
91            <meta-data
91-->[com.google.firebase:firebase-messaging:21.1.0] AndroidManifest.xml:52:13-54:85
92                android:name="com.google.firebase.components:com.google.firebase.messaging.FirebaseMessagingRegistrar"
92-->[com.google.firebase:firebase-messaging:21.1.0] AndroidManifest.xml:53:17-119
93                android:value="com.google.firebase.components.ComponentRegistrar" />
93-->[com.google.firebase:firebase-messaging:21.1.0] AndroidManifest.xml:54:17-82
94            <meta-data
94-->[com.google.firebase:firebase-datatransport:17.0.10] AndroidManifest.xml:28:13-30:85
95                android:name="com.google.firebase.components:com.google.firebase.datatransport.TransportRegistrar"
95-->[com.google.firebase:firebase-datatransport:17.0.10] AndroidManifest.xml:29:17-115
96                android:value="com.google.firebase.components.ComponentRegistrar" />
96-->[com.google.firebase:firebase-datatransport:17.0.10] AndroidManifest.xml:30:17-82
97            <meta-data
97-->[com.google.firebase:firebase-auth:20.0.4] AndroidManifest.xml:77:13-79:85
98                android:name="com.google.firebase.components:com.google.firebase.auth.FirebaseAuthRegistrar"
98-->[com.google.firebase:firebase-auth:20.0.4] AndroidManifest.xml:78:17-109
99                android:value="com.google.firebase.components.ComponentRegistrar" />
99-->[com.google.firebase:firebase-auth:20.0.4] AndroidManifest.xml:79:17-82
100            <meta-data
100-->[com.google.firebase:firebase-iid:21.1.0] AndroidManifest.xml:32:13-34:85
101                android:name="com.google.firebase.components:com.google.firebase.iid.Registrar"
101-->[com.google.firebase:firebase-iid:21.1.0] AndroidManifest.xml:33:17-96
102                android:value="com.google.firebase.components.ComponentRegistrar" />
102-->[com.google.firebase:firebase-iid:21.1.0] AndroidManifest.xml:34:17-82
103            <meta-data
103-->[com.google.firebase:firebase-firestore:22.1.2] AndroidManifest.xml:20:13-22:85
104                android:name="com.google.firebase.components:com.google.firebase.firestore.FirestoreRegistrar"
104-->[com.google.firebase:firebase-firestore:22.1.2] AndroidManifest.xml:21:17-111
105                android:value="com.google.firebase.components.ComponentRegistrar" />
105-->[com.google.firebase:firebase-firestore:22.1.2] AndroidManifest.xml:22:17-82
106            <meta-data
106-->[com.google.firebase:firebase-common-ktx:19.5.0] AndroidManifest.xml:15:13-17:85
107                android:name="com.google.firebase.components:com.google.firebase.ktx.FirebaseCommonKtxRegistrar"
107-->[com.google.firebase:firebase-common-ktx:19.5.0] AndroidManifest.xml:16:17-113
108                android:value="com.google.firebase.components.ComponentRegistrar" />
108-->[com.google.firebase:firebase-common-ktx:19.5.0] AndroidManifest.xml:17:17-82
109            <meta-data
109-->[com.google.firebase:firebase-storage:19.2.2] AndroidManifest.xml:33:13-35:85
110                android:name="com.google.firebase.components:com.google.firebase.storage.StorageRegistrar"
110-->[com.google.firebase:firebase-storage:19.2.2] AndroidManifest.xml:34:17-107
111                android:value="com.google.firebase.components.ComponentRegistrar" />
111-->[com.google.firebase:firebase-storage:19.2.2] AndroidManifest.xml:35:17-82
112            <meta-data
112-->[com.google.android.gms:play-services-measurement-api:18.0.3] AndroidManifest.xml:30:13-32:85
113                android:name="com.google.firebase.components:com.google.firebase.analytics.connector.internal.AnalyticsConnectorRegistrar"
113-->[com.google.android.gms:play-services-measurement-api:18.0.3] AndroidManifest.xml:31:17-139
114                android:value="com.google.firebase.components.ComponentRegistrar" />
114-->[com.google.android.gms:play-services-measurement-api:18.0.3] AndroidManifest.xml:32:17-82
115            <meta-data
115-->[com.google.firebase:firebase-installations:16.3.5] AndroidManifest.xml:18:13-20:85
116                android:name="com.google.firebase.components:com.google.firebase.installations.FirebaseInstallationsRegistrar"
116-->[com.google.firebase:firebase-installations:16.3.5] AndroidManifest.xml:19:17-127
117                android:value="com.google.firebase.components.ComponentRegistrar" />
117-->[com.google.firebase:firebase-installations:16.3.5] AndroidManifest.xml:20:17-82
118            <!--
119                This registrar is not defined in the dynamic-module-support sdk itself to allow non-firebase
120                clients to use it as well, by defining this registrar in their own core/common library.
121            -->
122            <meta-data
122-->[com.google.firebase:firebase-common:19.5.0] AndroidManifest.xml:43:13-45:85
123                android:name="com.google.firebase.components:com.google.firebase.dynamicloading.DynamicLoadingRegistrar"
123-->[com.google.firebase:firebase-common:19.5.0] AndroidManifest.xml:44:17-121
124                android:value="com.google.firebase.components.ComponentRegistrar" />
124-->[com.google.firebase:firebase-common:19.5.0] AndroidManifest.xml:45:17-82
125        </service>
126        <service
126-->[:firebase_messaging] AndroidManifest.xml:12:9-15:72
127            android:name="io.flutter.plugins.firebase.messaging.FlutterFirebaseMessagingBackgroundService"
127-->[:firebase_messaging] AndroidManifest.xml:13:13-107
128            android:exported="false"
128-->[:firebase_messaging] AndroidManifest.xml:14:13-37
129            android:permission="android.permission.BIND_JOB_SERVICE" />
129-->[:firebase_messaging] AndroidManifest.xml:15:13-69
130        <service
130-->[:firebase_messaging] AndroidManifest.xml:16:9-22:19
131            android:name="io.flutter.plugins.firebase.messaging.FlutterFirebaseMessagingService"
131-->[:firebase_messaging] AndroidManifest.xml:17:13-97
132            android:exported="false" >
132-->[:firebase_messaging] AndroidManifest.xml:18:13-37
133            <intent-filter>
133-->[:firebase_messaging] AndroidManifest.xml:19:13-21:29
134                <action android:name="com.google.firebase.MESSAGING_EVENT" />
134-->[:firebase_messaging] AndroidManifest.xml:20:17-78
134-->[:firebase_messaging] AndroidManifest.xml:20:25-75
135            </intent-filter>
136        </service>
137
138        <receiver
138-->[:firebase_messaging] AndroidManifest.xml:24:9-31:20
139            android:name="io.flutter.plugins.firebase.messaging.FlutterFirebaseMessagingReceiver"
139-->[:firebase_messaging] AndroidManifest.xml:25:13-98
140            android:exported="true"
140-->[:firebase_messaging] AndroidManifest.xml:26:13-36
141            android:permission="com.google.android.c2dm.permission.SEND" >
141-->[:firebase_messaging] AndroidManifest.xml:27:13-73
142            <intent-filter>
142-->[:firebase_messaging] AndroidManifest.xml:28:13-30:29
143                <action android:name="com.google.android.c2dm.intent.RECEIVE" />
143-->[:firebase_messaging] AndroidManifest.xml:29:17-81
143-->[:firebase_messaging] AndroidManifest.xml:29:25-78
144            </intent-filter>
145        </receiver>
146
147        <provider
147-->[:firebase_messaging] AndroidManifest.xml:39:9-43:38
148            android:name="io.flutter.plugins.firebase.messaging.FlutterFirebaseMessagingInitProvider"
148-->[:firebase_messaging] AndroidManifest.xml:40:13-102
149            android:authorities="com.tripster.user.flutterfirebasemessaginginitprovider"
149-->[:firebase_messaging] AndroidManifest.xml:41:13-88
150            android:exported="false"
150-->[:firebase_messaging] AndroidManifest.xml:42:13-37
151            android:initOrder="99" />
151-->[:firebase_messaging] AndroidManifest.xml:43:13-35
152        <provider
152-->[:image_picker] AndroidManifest.xml:11:9-19:20
153            android:name="io.flutter.plugins.imagepicker.ImagePickerFileProvider"
153-->[:image_picker] AndroidManifest.xml:12:13-82
154            android:authorities="com.tripster.user.flutter.image_provider"
154-->[:image_picker] AndroidManifest.xml:13:13-74
155            android:exported="false"
155-->[:image_picker] AndroidManifest.xml:14:13-37
156            android:grantUriPermissions="true" >
156-->[:image_picker] AndroidManifest.xml:15:13-47
157            <meta-data
157-->[:image_picker] AndroidManifest.xml:16:13-18:75
158                android:name="android.support.FILE_PROVIDER_PATHS"
158-->[:image_picker] AndroidManifest.xml:17:17-67
159                android:resource="@xml/flutter_image_picker_file_paths" />
159-->[:image_picker] AndroidManifest.xml:18:17-72
160        </provider>
161
162        <receiver
162-->[com.google.firebase:firebase-messaging:21.1.0] AndroidManifest.xml:28:9-35:20
163            android:name="com.google.firebase.iid.FirebaseInstanceIdReceiver"
163-->[com.google.firebase:firebase-messaging:21.1.0] AndroidManifest.xml:29:13-78
164            android:exported="true"
164-->[com.google.firebase:firebase-messaging:21.1.0] AndroidManifest.xml:30:13-36
165            android:permission="com.google.android.c2dm.permission.SEND" >
165-->[com.google.firebase:firebase-messaging:21.1.0] AndroidManifest.xml:31:13-73
166            <intent-filter>
166-->[:firebase_messaging] AndroidManifest.xml:28:13-30:29
167                <action android:name="com.google.android.c2dm.intent.RECEIVE" />
167-->[:firebase_messaging] AndroidManifest.xml:29:17-81
167-->[:firebase_messaging] AndroidManifest.xml:29:25-78
168            </intent-filter>
169        </receiver>
170        <!--
171             FirebaseMessagingService performs security checks at runtime,
172             but set to not exported to explicitly avoid allowing another app to call it.
173        -->
174        <service
174-->[com.google.firebase:firebase-messaging:21.1.0] AndroidManifest.xml:41:9-48:19
175            android:name="com.google.firebase.messaging.FirebaseMessagingService"
175-->[com.google.firebase:firebase-messaging:21.1.0] AndroidManifest.xml:42:13-82
176            android:directBootAware="true"
176-->[com.google.firebase:firebase-messaging:21.1.0] AndroidManifest.xml:43:13-43
177            android:exported="false" >
177-->[com.google.firebase:firebase-messaging:21.1.0] AndroidManifest.xml:44:13-37
178            <intent-filter android:priority="-500" >
178-->[:firebase_messaging] AndroidManifest.xml:19:13-21:29
179                <action android:name="com.google.firebase.MESSAGING_EVENT" />
179-->[:firebase_messaging] AndroidManifest.xml:20:17-78
179-->[:firebase_messaging] AndroidManifest.xml:20:25-75
180            </intent-filter>
181        </service>
182        <service
182-->[com.google.android.datatransport:transport-backend-cct:2.3.3] AndroidManifest.xml:29:9-35:19
183            android:name="com.google.android.datatransport.runtime.backends.TransportBackendDiscovery"
183-->[com.google.android.datatransport:transport-backend-cct:2.3.3] AndroidManifest.xml:30:13-103
184            android:exported="false" >
184-->[com.google.android.datatransport:transport-backend-cct:2.3.3] AndroidManifest.xml:31:13-37
185            <meta-data
185-->[com.google.android.datatransport:transport-backend-cct:2.3.3] AndroidManifest.xml:32:13-34:39
186                android:name="backend:com.google.android.datatransport.cct.CctBackendFactory"
186-->[com.google.android.datatransport:transport-backend-cct:2.3.3] AndroidManifest.xml:33:17-94
187                android:value="cct" />
187-->[com.google.android.datatransport:transport-backend-cct:2.3.3] AndroidManifest.xml:34:17-36
188        </service>
189
190        <activity
190-->[com.google.firebase:firebase-auth:20.0.4] AndroidManifest.xml:27:9-44:20
191            android:name="com.google.firebase.auth.internal.GenericIdpActivity"
191-->[com.google.firebase:firebase-auth:20.0.4] AndroidManifest.xml:28:13-80
192            android:excludeFromRecents="true"
192-->[com.google.firebase:firebase-auth:20.0.4] AndroidManifest.xml:29:13-46
193            android:exported="true"
193-->[com.google.firebase:firebase-auth:20.0.4] AndroidManifest.xml:30:13-36
194            android:launchMode="singleTask"
194-->[com.google.firebase:firebase-auth:20.0.4] AndroidManifest.xml:31:13-44
195            android:theme="@android:style/Theme.Translucent.NoTitleBar" >
195-->[com.google.firebase:firebase-auth:20.0.4] AndroidManifest.xml:32:13-72
196            <intent-filter>
196-->[com.google.firebase:firebase-auth:20.0.4] AndroidManifest.xml:33:13-43:29
197                <action android:name="android.intent.action.VIEW" />
197-->[com.google.firebase:firebase-auth:20.0.4] AndroidManifest.xml:34:17-69
197-->[com.google.firebase:firebase-auth:20.0.4] AndroidManifest.xml:34:25-66
198
199                <category android:name="android.intent.category.DEFAULT" />
199-->[com.google.firebase:firebase-auth:20.0.4] AndroidManifest.xml:36:17-76
199-->[com.google.firebase:firebase-auth:20.0.4] AndroidManifest.xml:36:27-73
200                <category android:name="android.intent.category.BROWSABLE" />
200-->[com.google.firebase:firebase-auth:20.0.4] AndroidManifest.xml:37:17-78
200-->[com.google.firebase:firebase-auth:20.0.4] AndroidManifest.xml:37:27-75
201
202                <data
202-->[com.google.firebase:firebase-auth:20.0.4] AndroidManifest.xml:39:17-42:51
203                    android:host="firebase.auth"
203-->[com.google.firebase:firebase-auth:20.0.4] AndroidManifest.xml:40:21-49
204                    android:path="/"
204-->[com.google.firebase:firebase-auth:20.0.4] AndroidManifest.xml:41:21-37
205                    android:scheme="genericidp" />
205-->[com.google.firebase:firebase-auth:20.0.4] AndroidManifest.xml:42:21-48
206            </intent-filter>
207        </activity>
208        <activity
208-->[com.google.firebase:firebase-auth:20.0.4] AndroidManifest.xml:45:9-62:20
209            android:name="com.google.firebase.auth.internal.RecaptchaActivity"
209-->[com.google.firebase:firebase-auth:20.0.4] AndroidManifest.xml:46:13-79
210            android:excludeFromRecents="true"
210-->[com.google.firebase:firebase-auth:20.0.4] AndroidManifest.xml:47:13-46
211            android:exported="true"
211-->[com.google.firebase:firebase-auth:20.0.4] AndroidManifest.xml:48:13-36
212            android:launchMode="singleTask"
212-->[com.google.firebase:firebase-auth:20.0.4] AndroidManifest.xml:49:13-44
213            android:theme="@android:style/Theme.Translucent.NoTitleBar" >
213-->[com.google.firebase:firebase-auth:20.0.4] AndroidManifest.xml:50:13-72
214            <intent-filter>
214-->[com.google.firebase:firebase-auth:20.0.4] AndroidManifest.xml:51:13-61:29
215                <action android:name="android.intent.action.VIEW" />
215-->[com.google.firebase:firebase-auth:20.0.4] AndroidManifest.xml:34:17-69
215-->[com.google.firebase:firebase-auth:20.0.4] AndroidManifest.xml:34:25-66
216
217                <category android:name="android.intent.category.DEFAULT" />
217-->[com.google.firebase:firebase-auth:20.0.4] AndroidManifest.xml:36:17-76
217-->[com.google.firebase:firebase-auth:20.0.4] AndroidManifest.xml:36:27-73
218                <category android:name="android.intent.category.BROWSABLE" />
218-->[com.google.firebase:firebase-auth:20.0.4] AndroidManifest.xml:37:17-78
218-->[com.google.firebase:firebase-auth:20.0.4] AndroidManifest.xml:37:27-75
219
220                <data
220-->[com.google.firebase:firebase-auth:20.0.4] AndroidManifest.xml:39:17-42:51
221                    android:host="firebase.auth"
221-->[com.google.firebase:firebase-auth:20.0.4] AndroidManifest.xml:40:21-49
222                    android:path="/"
222-->[com.google.firebase:firebase-auth:20.0.4] AndroidManifest.xml:41:21-37
223                    android:scheme="recaptcha" />
223-->[com.google.firebase:firebase-auth:20.0.4] AndroidManifest.xml:42:21-48
224            </intent-filter>
225        </activity>
226
227        <service
227-->[com.google.firebase:firebase-auth:20.0.4] AndroidManifest.xml:64:9-73:19
228            android:name="com.google.firebase.auth.api.fallback.service.FirebaseAuthFallbackService"
228-->[com.google.firebase:firebase-auth:20.0.4] AndroidManifest.xml:65:13-101
229            android:enabled="true"
229-->[com.google.firebase:firebase-auth:20.0.4] AndroidManifest.xml:66:13-35
230            android:exported="false" >
230-->[com.google.firebase:firebase-auth:20.0.4] AndroidManifest.xml:67:13-37
231            <intent-filter>
231-->[com.google.firebase:firebase-auth:20.0.4] AndroidManifest.xml:68:13-72:29
232                <action android:name="com.google.firebase.auth.api.gms.service.START" />
232-->[com.google.firebase:firebase-auth:20.0.4] AndroidManifest.xml:69:17-89
232-->[com.google.firebase:firebase-auth:20.0.4] AndroidManifest.xml:69:25-86
233
234                <category android:name="android.intent.category.DEFAULT" />
234-->[com.google.firebase:firebase-auth:20.0.4] AndroidManifest.xml:36:17-76
234-->[com.google.firebase:firebase-auth:20.0.4] AndroidManifest.xml:36:27-73
235            </intent-filter>
236        </service>
237
238        <provider
238-->[com.google.firebase:firebase-common:19.5.0] AndroidManifest.xml:26:9-31:39
239            android:name="com.google.firebase.provider.FirebaseInitProvider"
239-->[com.google.firebase:firebase-common:19.5.0] AndroidManifest.xml:27:13-77
240            android:authorities="com.tripster.user.firebaseinitprovider"
240-->[com.google.firebase:firebase-common:19.5.0] AndroidManifest.xml:28:13-72
241            android:directBootAware="true"
241-->[com.google.firebase:firebase-common:19.5.0] AndroidManifest.xml:29:13-43
242            android:exported="false"
242-->[com.google.firebase:firebase-common:19.5.0] AndroidManifest.xml:30:13-37
243            android:initOrder="100" />
243-->[com.google.firebase:firebase-common:19.5.0] AndroidManifest.xml:31:13-36
244
245        <receiver
245-->[com.google.android.gms:play-services-measurement:18.0.3] AndroidManifest.xml:29:9-33:20
246            android:name="com.google.android.gms.measurement.AppMeasurementReceiver"
246-->[com.google.android.gms:play-services-measurement:18.0.3] AndroidManifest.xml:30:13-85
247            android:enabled="true"
247-->[com.google.android.gms:play-services-measurement:18.0.3] AndroidManifest.xml:31:13-35
248            android:exported="false" >
248-->[com.google.android.gms:play-services-measurement:18.0.3] AndroidManifest.xml:32:13-37
249        </receiver>
250
251        <service
251-->[com.google.android.gms:play-services-measurement:18.0.3] AndroidManifest.xml:35:9-38:40
252            android:name="com.google.android.gms.measurement.AppMeasurementService"
252-->[com.google.android.gms:play-services-measurement:18.0.3] AndroidManifest.xml:36:13-84
253            android:enabled="true"
253-->[com.google.android.gms:play-services-measurement:18.0.3] AndroidManifest.xml:37:13-35
254            android:exported="false" />
254-->[com.google.android.gms:play-services-measurement:18.0.3] AndroidManifest.xml:38:13-37
255        <service
255-->[com.google.android.gms:play-services-measurement:18.0.3] AndroidManifest.xml:39:9-43:72
256            android:name="com.google.android.gms.measurement.AppMeasurementJobService"
256-->[com.google.android.gms:play-services-measurement:18.0.3] AndroidManifest.xml:40:13-87
257            android:enabled="true"
257-->[com.google.android.gms:play-services-measurement:18.0.3] AndroidManifest.xml:41:13-35
258            android:exported="false"
258-->[com.google.android.gms:play-services-measurement:18.0.3] AndroidManifest.xml:42:13-37
259            android:permission="android.permission.BIND_JOB_SERVICE" />
259-->[com.google.android.gms:play-services-measurement:18.0.3] AndroidManifest.xml:43:13-69
260
261        <activity
261-->[com.google.android.gms:play-services-base:17.1.0] AndroidManifest.xml:23:9-26:75
262            android:name="com.google.android.gms.common.api.GoogleApiActivity"
262-->[com.google.android.gms:play-services-base:17.1.0] AndroidManifest.xml:24:13-79
263            android:exported="false"
263-->[com.google.android.gms:play-services-base:17.1.0] AndroidManifest.xml:25:13-37
264            android:theme="@android:style/Theme.Translucent.NoTitleBar" />
264-->[com.google.android.gms:play-services-base:17.1.0] AndroidManifest.xml:26:13-72
265
266        <meta-data
266-->[com.google.android.gms:play-services-basement:17.2.1] AndroidManifest.xml:23:9-25:69
267            android:name="com.google.android.gms.version"
267-->[com.google.android.gms:play-services-basement:17.2.1] AndroidManifest.xml:24:13-58
268            android:value="@integer/google_play_services_version" />
268-->[com.google.android.gms:play-services-basement:17.2.1] AndroidManifest.xml:25:13-66
269
270        <service
270-->[com.google.android.datatransport:transport-runtime:2.2.5] AndroidManifest.xml:26:9-30:19
271            android:name="com.google.android.datatransport.runtime.scheduling.jobscheduling.JobInfoSchedulerService"
271-->[com.google.android.datatransport:transport-runtime:2.2.5] AndroidManifest.xml:27:13-117
272            android:exported="false"
272-->[com.google.android.datatransport:transport-runtime:2.2.5] AndroidManifest.xml:28:13-37